Using pre-set license
Built from '2021.1/staging' branch; Version is '2021.1.7f1 (d91830b65d9b) revision 14227504'; Using compiler version '192528614'; Build Type 'Release'
OS: 'Windows 10 Home Single Language; OS build 19044.2728; Version 2009; 64bit' Language: 'pt' Physical Memory: 16315 MB
BatchMode: 1, IsHumanControllingUs: 0, StartBugReporterOnCrash: 0, Is64bit: 1, IsPro: 0

 COMMAND LINE ARGUMENTS:
C:\Program Files\Unity\Hub\Editor\2021.1.7f1\Editor\Unity.exe
-adb2
-batchMode
-noUpm
-name
AssetImportWorker0
-projectPath
D:/Projetos Unity/Prototipo RPG crawler
-logFile
Logs/AssetImportWorker0.log
-srvPort
61938
Successfully changed project path to: D:/Projetos Unity/Prototipo RPG crawler
D:/Projetos Unity/Prototipo RPG crawler
Using Asset Import Pipeline V2.
Refreshing native plugins compatible for Editor in 106.19 ms, found 2 plugins.
Preloading 0 native plugins for Editor in 0.00 ms.
Initialize engine version: 2021.1.7f1 (d91830b65d9b)
[Subsystems] Discovering subsystems at path C:/Program Files/Unity/Hub/Editor/2021.1.7f1/Editor/Data/Resources/UnitySubsystems
[Subsystems] Discovering subsystems at path D:/Projetos Unity/Prototipo RPG crawler/Assets
GfxDevice: creating device client; threaded=0; jobified=0
Direct3D:
    Version:  Direct3D 11.0 [level 11.1]
    Renderer: Radeon RX 580 Series (ID=0x67df)
    Vendor:   ATI
    VRAM:     8170 MB
    Driver:   31.0.12029.10015
Initialize mono
Mono path[0] = 'C:/Program Files/Unity/Hub/Editor/2021.1.7f1/Editor/Data/Managed'
Mono path[1] = 'C:/Program Files/Unity/Hub/Editor/2021.1.7f1/Editor/Data/MonoBleedingEdge/lib/mono/unityjit'
Mono config path = 'C:/Program Files/Unity/Hub/Editor/2021.1.7f1/Editor/Data/MonoBleedingEdge/etc'
Using monoOptions --debugger-agent=transport=dt_socket,embedding=1,server=y,suspend=n,address=127.0.0.1:56456
Begin MonoManager ReloadAssembly
Registering precompiled unity dll's ...
Register platform support module: C:/Program Files/Unity/Hub/Editor/2021.1.7f1/Editor/Data/PlaybackEngines/WebGLSupport/UnityEditor.WebGL.Extensions.dll
Register platform support module: C:/Program Files/Unity/Hub/Editor/2021.1.7f1/Editor/Data/PlaybackEngines/WindowsStandaloneSupport/UnityEditor.WindowsStandalone.Extensions.dll
Registered in 0.003733 seconds.
Native extension for WindowsStandalone target not found
Native extension for WebGL target not found
Refreshing native plugins compatible for Editor in 179.42 ms, found 2 plugins.
Preloading 0 native plugins for Editor in 0.00 ms.
Mono: successfully reloaded assembly
- Completed reload, in  2.014 seconds
Platform modules already initialized, skipping
Registering precompiled user dll's ...
Registered in 0.005314 seconds.
Begin MonoManager ReloadAssembly
Symbol file LoadedFromMemory doesn't match image D:\Projetos Unity\Prototipo RPG crawler\Library\PackageCache\com.unity.visualscripting@1.6.1\Editor\VisualScripting.Core\Dependencies\YamlDotNet\Unity.VisualScripting.YamlDotNet.dll
Symbol file LoadedFromMemory doesn't match image D:\Projetos Unity\Prototipo RPG crawler\Library\PackageCache\com.unity.visualscripting@1.6.1\Editor\VisualScripting.Core\Dependencies\DotNetZip\Unity.VisualScripting.IonicZip.dll
Native extension for WindowsStandalone target not found
Native extension for WebGL target not found
Refreshing native plugins compatible for Editor in 228.43 ms, found 2 plugins.
Preloading 0 native plugins for Editor in 0.00 ms.
Mono: successfully reloaded assembly
- Completed reload, in  1.762 seconds
Platform modules already initialized, skipping
========================================================================
Worker process is ready to serve import requests
Launched and connected shader compiler UnityShaderCompiler.exe after 0.06 seconds
Refreshing native plugins compatible for Editor in 0.97 ms, found 2 plugins.
Preloading 0 native plugins for Editor in 0.00 ms.
Unloading 3383 Unused Serialized files (Serialized files now loaded: 0)
System memory in use before: 128.4 MB.
System memory in use after: 128.5 MB.

Unloading 29 unused Assets to reduce memory usage. Loaded Objects now: 3837.
Total: 3.577600 ms (FindLiveObjects: 0.328900 ms CreateObjectMapping: 0.086500 ms MarkObjects: 3.019500 ms  DeleteObjects: 0.140800 ms)

========================================================================
Received Import Request.
  path: Assets/Scripts/GameController.cs
  artifactKey: Guid(7b6fd6f66c792c04999da0e50bc84624) Importer(815301076,1909f56bfc062723c751e8b465ee728b)
Start importing Assets/Scripts/GameController.cs using Guid(7b6fd6f66c792c04999da0e50bc84624) Importer(815301076,1909f56bfc062723c751e8b465ee728b)  -> (artifact id: '94782381a9a7bc3a4119f0efdf477b04') in 0.033793 seconds 
========================================================================
Received Prepare
Registering precompiled user dll's ...
Registered in 0.004503 seconds.
Begin MonoManager ReloadAssembly
Symbol file LoadedFromMemory doesn't match image D:\Projetos Unity\Prototipo RPG crawler\Library\PackageCache\com.unity.visualscripting@1.6.1\Editor\VisualScripting.Core\Dependencies\YamlDotNet\Unity.VisualScripting.YamlDotNet.dll
Symbol file LoadedFromMemory doesn't match image D:\Projetos Unity\Prototipo RPG crawler\Library\PackageCache\com.unity.visualscripting@1.6.1\Editor\VisualScripting.Core\Dependencies\DotNetZip\Unity.VisualScripting.IonicZip.dll
Native extension for WindowsStandalone target not found
Native extension for WebGL target not found
Refreshing native plugins compatible for Editor in 0.85 ms, found 2 plugins.
Preloading 0 native plugins for Editor in 0.00 ms.
Mono: successfully reloaded assembly
- Completed reload, in  1.154 seconds
Platform modules already initialized, skipping
Refreshing native plugins compatible for Editor in 0.70 ms, found 2 plugins.
Preloading 0 native plugins for Editor in 0.00 ms.
Unloading 3377 Unused Serialized files (Serialized files now loaded: 0)
System memory in use before: 128.3 MB.
System memory in use after: 128.4 MB.

Unloading 17 unused Assets to reduce memory usage. Loaded Objects now: 3841.
Total: 2.714500 ms (FindLiveObjects: 0.301500 ms CreateObjectMapping: 0.089900 ms MarkObjects: 2.199900 ms  DeleteObjects: 0.122000 ms)

========================================================================
Received Import Request.
  Time since last request: 363.542897 seconds.
  path: Assets/Scripts/GameController.cs
  artifactKey: Guid(7b6fd6f66c792c04999da0e50bc84624) Importer(815301076,1909f56bfc062723c751e8b465ee728b)
Start importing Assets/Scripts/GameController.cs using Guid(7b6fd6f66c792c04999da0e50bc84624) Importer(815301076,1909f56bfc062723c751e8b465ee728b)  -> (artifact id: '56bf271f71d43254472106e6175b4c7f') in 0.006839 seconds 
========================================================================
Received Prepare
Registering precompiled user dll's ...
Registered in 0.006534 seconds.
Begin MonoManager ReloadAssembly
Symbol file LoadedFromMemory doesn't match image D:\Projetos Unity\Prototipo RPG crawler\Library\PackageCache\com.unity.visualscripting@1.6.1\Editor\VisualScripting.Core\Dependencies\YamlDotNet\Unity.VisualScripting.YamlDotNet.dll
Symbol file LoadedFromMemory doesn't match image D:\Projetos Unity\Prototipo RPG crawler\Library\PackageCache\com.unity.visualscripting@1.6.1\Editor\VisualScripting.Core\Dependencies\DotNetZip\Unity.VisualScripting.IonicZip.dll
Native extension for WindowsStandalone target not found
Native extension for WebGL target not found
Refreshing native plugins compatible for Editor in 0.74 ms, found 2 plugins.
Preloading 0 native plugins for Editor in 0.00 ms.
Mono: successfully reloaded assembly
- Completed reload, in  1.132 seconds
Platform modules already initialized, skipping
Refreshing native plugins compatible for Editor in 0.72 ms, found 2 plugins.
Preloading 0 native plugins for Editor in 0.00 ms.
Unloading 3377 Unused Serialized files (Serialized files now loaded: 0)
System memory in use before: 128.3 MB.
System memory in use after: 128.5 MB.

Unloading 17 unused Assets to reduce memory usage. Loaded Objects now: 3845.
Total: 2.744200 ms (FindLiveObjects: 0.308700 ms CreateObjectMapping: 0.089800 ms MarkObjects: 2.247100 ms  DeleteObjects: 0.096800 ms)

========================================================================
Received Import Request.
  Time since last request: 28.639839 seconds.
  path: Assets/Resources/Sprites/Icons/Abilitys/block.png
  artifactKey: Guid(9ebf154241c847243b53c39abaa8e85d) Importer(815301076,1909f56bfc062723c751e8b465ee728b)
Start importing Assets/Resources/Sprites/Icons/Abilitys/block.png using Guid(9ebf154241c847243b53c39abaa8e85d) Importer(815301076,1909f56bfc062723c751e8b465ee728b)  -> (artifact id: 'c83ac5114b270d70e5767607f407b53a') in 0.129144 seconds 
========================================================================
Received Import Request.
  Time since last request: 0.000179 seconds.
  path: Assets/Resources/Sprites/Icons/Abilitys/ice spear.png
  artifactKey: Guid(3366cb27bc3f8314d8feeb336445498d) Importer(815301076,1909f56bfc062723c751e8b465ee728b)
Start importing Assets/Resources/Sprites/Icons/Abilitys/ice spear.png using Guid(3366cb27bc3f8314d8feeb336445498d) Importer(815301076,1909f56bfc062723c751e8b465ee728b)  -> (artifact id: 'e1255e9342aa04a17bf48b660190d1f6') in 0.044967 seconds 
========================================================================
Received Import Request.
  Time since last request: 0.000173 seconds.
  path: Assets/Resources/Sprites/Icons/Abilitys/dodge.png
  artifactKey: Guid(194aa31da9a0bcf4abc5bde91de29aa8) Importer(815301076,1909f56bfc062723c751e8b465ee728b)
Start importing Assets/Resources/Sprites/Icons/Abilitys/dodge.png using Guid(194aa31da9a0bcf4abc5bde91de29aa8) Importer(815301076,1909f56bfc062723c751e8b465ee728b)  -> (artifact id: '5ae4c57f248471814df53863bb64f79c') in 0.013101 seconds 
========================================================================
Received Import Request.
  Time since last request: 0.000291 seconds.
  path: Assets/Resources/Sprites/Icons/Abilitys/stab.png
  artifactKey: Guid(63ae09101b20dcf499c3f74f312b12f3) Importer(815301076,1909f56bfc062723c751e8b465ee728b)
Start importing Assets/Resources/Sprites/Icons/Abilitys/stab.png using Guid(63ae09101b20dcf499c3f74f312b12f3) Importer(815301076,1909f56bfc062723c751e8b465ee728b)  -> (artifact id: '1f0c5518672ad9b1cea29ed4e4523509') in 0.012016 seconds 
========================================================================
Received Import Request.
  Time since last request: 0.000227 seconds.
  path: Assets/Resources/Sprites/Icons/Abilitys/uppercut.png
  artifactKey: Guid(d344451d907013b488b649bd29587562) Importer(815301076,1909f56bfc062723c751e8b465ee728b)
Start importing Assets/Resources/Sprites/Icons/Abilitys/uppercut.png using Guid(d344451d907013b488b649bd29587562) Importer(815301076,1909f56bfc062723c751e8b465ee728b)  -> (artifact id: 'c08259595d5f50b8c829dbd694e57b92') in 0.039789 seconds 
========================================================================
Received Import Request.
  Time since last request: 0.000207 seconds.
  path: Assets/Resources/Sprites/Icons/Abilitys/slash.png
  artifactKey: Guid(13eab697e11f99a4b83f04887c22a176) Importer(815301076,1909f56bfc062723c751e8b465ee728b)
Start importing Assets/Resources/Sprites/Icons/Abilitys/slash.png using Guid(13eab697e11f99a4b83f04887c22a176) Importer(815301076,1909f56bfc062723c751e8b465ee728b)  -> (artifact id: '0b629344de872e2aa3347e36c3938d48') in 0.044824 seconds 
========================================================================
Received Import Request.
  Time since last request: 0.000178 seconds.
  path: Assets/Resources/Sprites/Icons/Abilitys/heal.png
  artifactKey: Guid(b063ccdaee1d3a547bf5d5c9a61eeaed) Importer(815301076,1909f56bfc062723c751e8b465ee728b)
Start importing Assets/Resources/Sprites/Icons/Abilitys/heal.png using Guid(b063ccdaee1d3a547bf5d5c9a61eeaed) Importer(815301076,1909f56bfc062723c751e8b465ee728b)  -> (artifact id: '4ac824f8096bef6f25f6fe2a548953ef') in 0.038903 seconds 
========================================================================
Received Prepare
Registering precompiled user dll's ...
Registered in 0.005575 seconds.
Begin MonoManager ReloadAssembly
Symbol file LoadedFromMemory doesn't match image D:\Projetos Unity\Prototipo RPG crawler\Library\PackageCache\com.unity.visualscripting@1.6.1\Editor\VisualScripting.Core\Dependencies\YamlDotNet\Unity.VisualScripting.YamlDotNet.dll
Symbol file LoadedFromMemory doesn't match image D:\Projetos Unity\Prototipo RPG crawler\Library\PackageCache\com.unity.visualscripting@1.6.1\Editor\VisualScripting.Core\Dependencies\DotNetZip\Unity.VisualScripting.IonicZip.dll
Native extension for WindowsStandalone target not found
Native extension for WebGL target not found
Refreshing native plugins compatible for Editor in 0.75 ms, found 2 plugins.
Preloading 0 native plugins for Editor in 0.00 ms.
Mono: successfully reloaded assembly
- Completed reload, in  1.095 seconds
Platform modules already initialized, skipping
Refreshing native plugins compatible for Editor in 0.81 ms, found 2 plugins.
Preloading 0 native plugins for Editor in 0.00 ms.
Unloading 3384 Unused Serialized files (Serialized files now loaded: 0)
System memory in use before: 135.1 MB.
System memory in use after: 135.2 MB.

Unloading 17 unused Assets to reduce memory usage. Loaded Objects now: 3960.
Total: 2.616300 ms (FindLiveObjects: 0.314700 ms CreateObjectMapping: 0.090400 ms MarkObjects: 2.123500 ms  DeleteObjects: 0.086000 ms)

========================================================================
Received Prepare
Registering precompiled user dll's ...
Registered in 0.004768 seconds.
Begin MonoManager ReloadAssembly
Symbol file LoadedFromMemory doesn't match image D:\Projetos Unity\Prototipo RPG crawler\Library\PackageCache\com.unity.visualscripting@1.6.1\Editor\VisualScripting.Core\Dependencies\YamlDotNet\Unity.VisualScripting.YamlDotNet.dll
Symbol file LoadedFromMemory doesn't match image D:\Projetos Unity\Prototipo RPG crawler\Library\PackageCache\com.unity.visualscripting@1.6.1\Editor\VisualScripting.Core\Dependencies\DotNetZip\Unity.VisualScripting.IonicZip.dll
Native extension for WindowsStandalone target not found
Native extension for WebGL target not found
Refreshing native plugins compatible for Editor in 0.72 ms, found 2 plugins.
Preloading 0 native plugins for Editor in 0.00 ms.
Mono: successfully reloaded assembly
- Completed reload, in  1.100 seconds
Platform modules already initialized, skipping
Refreshing native plugins compatible for Editor in 0.76 ms, found 2 plugins.
Preloading 0 native plugins for Editor in 0.00 ms.
Unloading 3377 Unused Serialized files (Serialized files now loaded: 0)
System memory in use before: 134.8 MB.
System memory in use after: 134.9 MB.

Unloading 17 unused Assets to reduce memory usage. Loaded Objects now: 3964.
Total: 2.649000 ms (FindLiveObjects: 0.345800 ms CreateObjectMapping: 0.087200 ms MarkObjects: 2.126700 ms  DeleteObjects: 0.088100 ms)

AssetImportWorkerClient::OnTransportError - code=2 error=End of file
